<?xml version="1.0" encoding="UTF-8"?>
<!-- Generated by org.testng.reporters.JUnitReportReporter -->
<testsuite hostname="Jerson" name="modulo2.VisualizarTablerosEnviado" tests="14" failures="0" timestamp="14 May 2021 05:39:09 GMT" time="248.512" errors="0">
  <testcase name="EjecutarFiltroFlujoEnviado" time="17.624" classname="modulo2.VisualizarTablerosEnviado"/>
  <testcase name="EjecutarFiltroFlujoEnviado" time="17.680" classname="modulo2.VisualizarTablerosEnviado"/>
  <testcase name="EjecutarFiltroFlujoEnviado" time="17.668" classname="modulo2.VisualizarTablerosEnviado"/>
  <testcase name="EjecutarFiltroFlujoEnviado" time="18.143" classname="modulo2.VisualizarTablerosEnviado"/>
  <testcase name="EjecutarFiltroFlujoEnviado" time="17.681" classname="modulo2.VisualizarTablerosEnviado"/>
  <testcase name="EjecutarFiltroFlujoEnviado" time="17.645" classname="modulo2.VisualizarTablerosEnviado"/>
  <testcase name="EjecutarFiltroFlujoEnviado" time="17.717" classname="modulo2.VisualizarTablerosEnviado"/>
  <testcase name="EjecutarFiltroFlujoEnviado" time="17.675" classname="modulo2.VisualizarTablerosEnviado"/>
  <testcase name="EjecutarFiltroFlujoEnviado" time="17.679" classname="modulo2.VisualizarTablerosEnviado"/>
  <testcase name="EjecutarFiltroFlujoEnviado" time="17.706" classname="modulo2.VisualizarTablerosEnviado"/>
  <testcase name="EjecutarFiltroFlujoEnviado" time="17.679" classname="modulo2.VisualizarTablerosEnviado"/>
  <testcase name="EjecutarFiltroFlujoEnviado" time="17.957" classname="modulo2.VisualizarTablerosEnviado"/>
  <testcase name="EjecutarFiltroFlujoEnviado" time="17.667" classname="modulo2.VisualizarTablerosEnviado"/>
  <testcase name="EjecutarFiltroFlujoEnviado" time="17.991" classname="modulo2.VisualizarTablerosEnviado"/>
</testsuite> <!-- modulo2.VisualizarTablerosEnviado -->
