<?xml version="1.0" encoding="UTF-8"?>
<!-- Generated by org.testng.reporters.JUnitReportReporter -->
<testsuite hostname="Jerson" name="modulo2.DevolverSolicitud" tests="4" failures="0" timestamp="31 Mar 2021 04:57:24 GMT" time="80.917" errors="0">
  <testcase name="EjecutarDevolverSolicitud" time="20.093" classname="modulo2.DevolverSolicitud"/>
  <testcase name="EjecutarDevolverSolicitud" time="20.491" classname="modulo2.DevolverSolicitud"/>
  <testcase name="EjecutarDevolverSolicitud" time="20.157" classname="modulo2.DevolverSolicitud"/>
  <testcase name="EjecutarDevolverSolicitud" time="20.176" classname="modulo2.DevolverSolicitud"/>
</testsuite> <!-- modulo2.DevolverSolicitud -->
