<?xml version="1.0" encoding="UTF-8"?>
<!-- Generated by org.testng.reporters.JUnitReportReporter -->
<testsuite hostname="Jerson" name="modulo2.VisualizarTablerosEnProceso" tests="14" failures="0" timestamp="14 May 2021 06:27:39 GMT" time="570.744" errors="0">
  <testcase name="EjecutarFiltroFlujoEnviado" time="40.681" classname="modulo2.VisualizarTablerosEnProceso"/>
  <testcase name="EjecutarFiltroFlujoEnviado" time="40.661" classname="modulo2.VisualizarTablerosEnProceso"/>
  <testcase name="EjecutarFiltroFlujoEnviado" time="40.626" classname="modulo2.VisualizarTablerosEnProceso"/>
  <testcase name="EjecutarFiltroFlujoEnviado" time="41.072" classname="modulo2.VisualizarTablerosEnProceso"/>
  <testcase name="EjecutarFiltroFlujoEnviado" time="40.696" classname="modulo2.VisualizarTablerosEnProceso"/>
  <testcase name="EjecutarFiltroFlujoEnviado" time="41.143" classname="modulo2.VisualizarTablerosEnProceso"/>
  <testcase name="EjecutarFiltroFlujoEnviado" time="40.781" classname="modulo2.VisualizarTablerosEnProceso"/>
  <testcase name="EjecutarFiltroFlujoEnviado" time="40.662" classname="modulo2.VisualizarTablerosEnProceso"/>
  <testcase name="EjecutarFiltroFlujoEnviado" time="40.710" classname="modulo2.VisualizarTablerosEnProceso"/>
  <testcase name="EjecutarFiltroFlujoEnviado" time="40.707" classname="modulo2.VisualizarTablerosEnProceso"/>
  <testcase name="EjecutarFiltroFlujoEnviado" time="40.609" classname="modulo2.VisualizarTablerosEnProceso"/>
  <testcase name="EjecutarFiltroFlujoEnviado" time="40.665" classname="modulo2.VisualizarTablerosEnProceso"/>
  <testcase name="EjecutarFiltroFlujoEnviado" time="40.738" classname="modulo2.VisualizarTablerosEnProceso"/>
  <testcase name="EjecutarFiltroFlujoEnviado" time="40.993" classname="modulo2.VisualizarTablerosEnProceso"/>
</testsuite> <!-- modulo2.VisualizarTablerosEnProceso -->
