<?xml version="1.0" encoding="UTF-8"?>
<!-- Generated by org.testng.reporters.JUnitReportReporter -->
<testsuite hostname="Jerson" name="SolicitudDigitalREQ.DemoInicioSesion" tests="1" failures="0" timestamp="15 Sep 2021 16:04:47 GMT" time="31.372" errors="0">
  <testcase name="EjecutarDescargaMovimiento" time="31.372" classname="SolicitudDigitalREQ.DemoInicioSesion"/>
</testsuite> <!-- SolicitudDigitalREQ.DemoInicioSesion -->
