<?xml version="1.0" encoding="UTF-8"?>
<!-- Generated by org.testng.reporters.JUnitReportReporter -->
<testsuite hostname="Jerson" name="modulo1.PruebaTSTNG" tests="8" failures="0" timestamp="15 Apr 2021 16:25:33 GMT" time="45.832" errors="0">
  <testcase name="Ejecutar" time="5.773" classname="modulo1.PruebaTSTNG"/>
  <testcase name="Ejecutar" time="5.676" classname="modulo1.PruebaTSTNG"/>
  <testcase name="Ejecutar" time="5.683" classname="modulo1.PruebaTSTNG"/>
  <testcase name="Ejecutar" time="5.677" classname="modulo1.PruebaTSTNG"/>
  <testcase name="Ejecutar" time="5.730" classname="modulo1.PruebaTSTNG"/>
  <testcase name="Ejecutar" time="5.849" classname="modulo1.PruebaTSTNG"/>
  <testcase name="Ejecutar" time="5.797" classname="modulo1.PruebaTSTNG"/>
  <testcase name="Ejecutar" time="5.647" classname="modulo1.PruebaTSTNG"/>
</testsuite> <!-- modulo1.PruebaTSTNG -->
