<?xml version="1.0" encoding="UTF-8"?>
<!-- Generated by org.testng.reporters.JUnitReportReporter -->
<testsuite hostname="Jerson" name="modulo2.VisualizarFlujoMovimiento" tests="9" failures="0" timestamp="14 May 2021 03:23:23 GMT" time="195.831" errors="0">
  <testcase name="EjecutarFiltroFlujo" time="22.445" classname="modulo2.VisualizarFlujoMovimiento"/>
  <testcase name="EjecutarFiltroFlujo" time="21.650" classname="modulo2.VisualizarFlujoMovimiento"/>
  <testcase name="EjecutarFiltroFlujo" time="21.660" classname="modulo2.VisualizarFlujoMovimiento"/>
  <testcase name="EjecutarFiltroFlujo" time="21.652" classname="modulo2.VisualizarFlujoMovimiento"/>
  <testcase name="EjecutarFiltroFlujo" time="21.699" classname="modulo2.VisualizarFlujoMovimiento"/>
  <testcase name="EjecutarFiltroFlujo" time="21.665" classname="modulo2.VisualizarFlujoMovimiento"/>
  <testcase name="EjecutarFiltroFlujo" time="21.681" classname="modulo2.VisualizarFlujoMovimiento"/>
  <testcase name="EjecutarFiltroFlujo" time="21.675" classname="modulo2.VisualizarFlujoMovimiento"/>
  <testcase name="EjecutarFiltroFlujo" time="21.704" classname="modulo2.VisualizarFlujoMovimiento"/>
</testsuite> <!-- modulo2.VisualizarFlujoMovimiento -->
