<?xml version="1.0" encoding="UTF-8"?>
<!-- Generated by org.testng.reporters.JUnitReportReporter -->
<testsuite hostname="Jerson" name="modulo2.AprobarSolicitud" tests="1" failures="0" timestamp="16 Mar 2021 23:35:48 GMT" time="19.528" errors="0">
  <testcase name="EjecutarFiltroProducto" time="19.528" classname="modulo2.AprobarSolicitud"/>
</testsuite> <!-- modulo2.AprobarSolicitud -->
