<?xml version="1.0" encoding="UTF-8"?>
<!-- Generated by org.testng.reporters.JUnitReportReporter -->
<testsuite hostname="Jerson" name="modulo2.HistorialSolicitud" tests="2" failures="0" timestamp="3 Apr 2021 21:10:37 GMT" time="57.738" errors="0">
  <testcase name="EjecutarModificarSolicitud" time="29.260" classname="modulo2.HistorialSolicitud"/>
  <testcase name="EjecutarModificarSolicitud" time="28.478" classname="modulo2.HistorialSolicitud"/>
</testsuite> <!-- modulo2.HistorialSolicitud -->
