<?xml version="1.0" encoding="UTF-8"?>
<!-- Generated by org.testng.reporters.JUnitReportReporter -->
<testsuite hostname="Jerson" name="modulo2.ValidacionVistaFiltro" tests="7" failures="0" timestamp="28 May 2021 04:01:55 GMT" time="125.974" errors="0">
  <testcase name="EjecutarValidacionVistaFiltro" time="17.948" classname="modulo2.ValidacionVistaFiltro"/>
  <testcase name="EjecutarValidacionVistaFiltro" time="18.302" classname="modulo2.ValidacionVistaFiltro"/>
  <testcase name="EjecutarValidacionVistaFiltro" time="17.996" classname="modulo2.ValidacionVistaFiltro"/>
  <testcase name="EjecutarValidacionVistaFiltro" time="17.955" classname="modulo2.ValidacionVistaFiltro"/>
  <testcase name="EjecutarValidacionVistaFiltro" time="17.960" classname="modulo2.ValidacionVistaFiltro"/>
  <testcase name="EjecutarValidacionVistaFiltro" time="17.895" classname="modulo2.ValidacionVistaFiltro"/>
  <testcase name="EjecutarValidacionVistaFiltro" time="17.918" classname="modulo2.ValidacionVistaFiltro"/>
</testsuite> <!-- modulo2.ValidacionVistaFiltro -->
