<?xml version="1.0" encoding="UTF-8"?>
<!-- Generated by org.testng.reporters.JUnitReportReporter -->
<testsuite hostname="Jerson" name="modulo2.ModificarCredencial" tests="3" failures="0" timestamp="18 Jun 2021 08:10:47 GMT" time="37.471" errors="0">
  <testcase name="EjecutarCrearCredenciales" time="12.584" classname="modulo2.ModificarCredencial"/>
  <testcase name="EjecutarCrearCredenciales" time="12.460" classname="modulo2.ModificarCredencial"/>
  <testcase name="EjecutarCrearCredenciales" time="12.427" classname="modulo2.ModificarCredencial"/>
</testsuite> <!-- modulo2.ModificarCredencial -->
