<?xml version="1.0" encoding="UTF-8"?>
<!-- Generated by org.testng.reporters.JUnitReportReporter -->
<testsuite hostname="Jerson" name="modulo2.FlujoDemoAprobar" tests="2" failures="0" timestamp="24 Mar 2021 22:43:26 GMT" time="82.852" errors="0">
  <testcase name="EjecutarAprobacion" time="41.568" classname="modulo2.FlujoDemoAprobar"/>
  <testcase name="EjecutarAprobacion" time="41.284" classname="modulo2.FlujoDemoAprobar"/>
</testsuite> <!-- modulo2.FlujoDemoAprobar -->
