<?xml version="1.0" encoding="UTF-8"?>
<!-- Generated by org.testng.reporters.JUnitReportReporter -->
<testsuite hostname="Jerson" name="modulo2.HistorialEstadoEnProceso" tests="1" failures="0" timestamp="18 Jun 2021 03:32:00 GMT" time="19.256" errors="0">
  <testcase name="BotonDescargar" time="19.256" classname="modulo2.HistorialEstadoEnProceso"/>
</testsuite> <!-- modulo2.HistorialEstadoEnProceso -->
