<?xml version="1.0" encoding="UTF-8"?>
<!-- Generated by org.testng.reporters.JUnitReportReporter -->
<testsuite hostname="Jerson" name="ModeloDia.DemoModeloDiaInicioSesion" tests="2" failures="0" timestamp="17 Sep 2021 16:36:26 GMT" time="174.494" errors="0">
  <testcase name="EjecutarDescargaMovimiento" time="89.356" classname="ModeloDia.DemoModeloDiaInicioSesion"/>
  <testcase name="EjecutarDescargaMovimiento" time="85.138" classname="ModeloDia.DemoModeloDiaInicioSesion"/>
</testsuite> <!-- ModeloDia.DemoModeloDiaInicioSesion -->
