<?xml version="1.0" encoding="UTF-8"?>
<!-- Generated by org.testng.reporters.JUnitReportReporter -->
<testsuite hostname="Jerson" name="modulo2.DescargarMovimientos" tests="5" failures="0" timestamp="22 Jun 2021 04:50:48 GMT" time="217.171" errors="0">
  <testcase name="EjecutarDescargaMovimiento" time="43.428" classname="modulo2.DescargarMovimientos"/>
  <testcase name="EjecutarDescargaMovimiento" time="43.424" classname="modulo2.DescargarMovimientos"/>
  <testcase name="EjecutarDescargaMovimiento" time="43.512" classname="modulo2.DescargarMovimientos"/>
  <testcase name="EjecutarDescargaMovimiento" time="43.419" classname="modulo2.DescargarMovimientos"/>
  <testcase name="EjecutarDescargaMovimiento" time="43.388" classname="modulo2.DescargarMovimientos"/>
</testsuite> <!-- modulo2.DescargarMovimientos -->
