<?xml version="1.0" encoding="UTF-8"?>
<!-- Generated by org.testng.reporters.JUnitReportReporter -->
<testsuite hostname="Jerson" name="modulo2.VisualizarFlujoEnviado" tests="3" failures="0" timestamp="14 May 2021 04:21:57 GMT" time="32.139" errors="0">
  <testcase name="EjecutarFiltroFlujoEnviado" time="10.735" classname="modulo2.VisualizarFlujoEnviado"/>
  <testcase name="EjecutarFiltroFlujoEnviado" time="10.692" classname="modulo2.VisualizarFlujoEnviado"/>
  <testcase name="EjecutarFiltroFlujoEnviado" time="10.712" classname="modulo2.VisualizarFlujoEnviado"/>
</testsuite> <!-- modulo2.VisualizarFlujoEnviado -->
