<?xml version="1.0" encoding="UTF-8"?>
<!-- Generated by org.testng.reporters.JUnitReportReporter -->
<testsuite hostname="Jerson" name="modulo2.HistorialEstadoEnviado" tests="1" failures="0" timestamp="18 Jun 2021 03:33:33 GMT" time="16.115" errors="0">
  <testcase name="BotonDescargar" time="16.115" classname="modulo2.HistorialEstadoEnviado"/>
</testsuite> <!-- modulo2.HistorialEstadoEnviado -->
