<?xml version="1.0" encoding="UTF-8"?>
<!-- Generated by org.testng.reporters.JUnitReportReporter -->
<testsuite hostname="Jerson" name="modulo2.ExclusionDerechohabienteMovimientos" tests="3" failures="0" timestamp="19 May 2021 02:01:32 GMT" time="282.837" errors="0">
  <testcase name="EjecutarExclusionMovimiento" time="93.862" classname="modulo2.ExclusionDerechohabienteMovimientos"/>
  <testcase name="EjecutarExclusionMovimiento" time="95.245" classname="modulo2.ExclusionDerechohabienteMovimientos"/>
  <testcase name="EjecutarExclusionMovimiento" time="93.730" classname="modulo2.ExclusionDerechohabienteMovimientos"/>
</testsuite> <!-- modulo2.ExclusionDerechohabienteMovimientos -->
