<?xml version="1.0" encoding="UTF-8"?>
<!-- Generated by org.testng.reporters.JUnitReportReporter -->
<testsuite hostname="Jerson" name="modulo2.NuevaCredencial" tests="3" failures="0" timestamp="18 Jun 2021 18:13:31 GMT" time="55.353" errors="0">
  <testcase name="EjecutarCrearCredenciales" time="13.933" classname="modulo2.NuevaCredencial"/>
  <testcase name="EjecutarCrearCredenciales" time="14.575" classname="modulo2.NuevaCredencial"/>
  <testcase name="EjecutarCrearCredenciales" time="26.845" classname="modulo2.NuevaCredencial"/>
</testsuite> <!-- modulo2.NuevaCredencial -->
