<?xml version="1.0" encoding="UTF-8"?>
<!-- Generated by org.testng.reporters.JUnitReportReporter -->
<testsuite hostname="Jerson" name="SomosCorredores.SolicitudDigitalSC" tests="2" failures="0" timestamp="1 Apr 2022 17:23:53 GMT" time="256.257" errors="0">
  <testcase name="EjecutarDescargaMovimiento" time="146.053" classname="SomosCorredores.SolicitudDigitalSC"/>
  <testcase name="EjecutarDescargaMovimiento" time="110.204" classname="SomosCorredores.SolicitudDigitalSC"/>
</testsuite> <!-- SomosCorredores.SolicitudDigitalSC -->
