<?xml version="1.0" encoding="UTF-8"?>
<!-- Generated by org.testng.reporters.JUnitReportReporter -->
<testsuite hostname="Jerson" name="modulo2.CambioPlanTitularMovimientos" tests="3" failures="0" timestamp="3 Jun 2021 20:59:01 GMT" time="204.198" errors="0">
  <testcase name="EjecutarCambioPlanMovimiento" time="68.190" classname="modulo2.CambioPlanTitularMovimientos"/>
  <testcase name="EjecutarCambioPlanMovimiento" time="68.164" classname="modulo2.CambioPlanTitularMovimientos"/>
  <testcase name="EjecutarCambioPlanMovimiento" time="67.844" classname="modulo2.CambioPlanTitularMovimientos"/>
</testsuite> <!-- modulo2.CambioPlanTitularMovimientos -->
