<?xml version="1.0" encoding="UTF-8"?>
<!-- Generated by org.testng.reporters.JUnitReportReporter -->
<testsuite hostname="Jerson" name="modulo2.ExclusionTitularMovimientos" tests="3" failures="0" timestamp="18 May 2021 17:21:19 GMT" time="155.719" errors="0">
  <testcase name="EjecutarExclusionMovimiento" time="51.492" classname="modulo2.ExclusionTitularMovimientos"/>
  <testcase name="EjecutarExclusionMovimiento" time="51.536" classname="modulo2.ExclusionTitularMovimientos"/>
  <testcase name="EjecutarExclusionMovimiento" time="52.691" classname="modulo2.ExclusionTitularMovimientos"/>
</testsuite> <!-- modulo2.ExclusionTitularMovimientos -->
