<?xml version="1.0" encoding="UTF-8"?>
<!-- Generated by org.testng.reporters.JUnitReportReporter -->
<testsuite hostname="Jerson" name="modulo2.ModificarCrearCredencial" tests="1" failures="0" timestamp="18 Jun 2021 19:11:42 GMT" time="32.165" errors="0">
  <testcase name="EjecutarModificarCredenciales" time="32.165" classname="modulo2.ModificarCrearCredencial"/>
</testsuite> <!-- modulo2.ModificarCrearCredencial -->
