<?xml version="1.0" encoding="UTF-8"?>
<!-- Generated by org.testng.reporters.JUnitReportReporter -->
<testsuite hostname="Jerson" name="modulo2.ModiMoviAE08" tests="2" failures="0" timestamp="16 Jun 2021 16:06:39 GMT" time="135.129" errors="0">
  <testcase name="Ejecutar" time="59.973" classname="modulo2.ModiMoviAE08"/>
  <testcase name="Ejecutar" time="75.156" classname="modulo2.ModiMoviAE08"/>
</testsuite> <!-- modulo2.ModiMoviAE08 -->
