<?xml version="1.0" encoding="UTF-8"?>
<!-- Generated by org.testng.reporters.JUnitReportReporter -->
<testsuite hostname="Jerson" name="modulo2.EliminarSolicitud" tests="3" failures="0" timestamp="31 Mar 2021 02:18:22 GMT" time="73.815" errors="0">
  <testcase name="EjecutarEliminarSolicitud" time="31.923" classname="modulo2.EliminarSolicitud"/>
  <testcase name="EjecutarEliminarSolicitud" time="10.034" classname="modulo2.EliminarSolicitud"/>
  <testcase name="EjecutarEliminarSolicitud" time="31.858" classname="modulo2.EliminarSolicitud"/>
</testsuite> <!-- modulo2.EliminarSolicitud -->
