<?xml version="1.0" encoding="UTF-8"?>
<!-- Generated by org.testng.reporters.JUnitReportReporter -->
<testsuite hostname="Jerson" name="modulo2.HistorialMovimiento" tests="3" failures="0" timestamp="25 May 2021 19:43:52 GMT" time="109.355" errors="0">
  <testcase name="EjecutarHistorialMovimiento" time="36.083" classname="modulo2.HistorialMovimiento"/>
  <testcase name="EjecutarHistorialMovimiento" time="36.431" classname="modulo2.HistorialMovimiento"/>
  <testcase name="EjecutarHistorialMovimiento" time="36.841" classname="modulo2.HistorialMovimiento"/>
</testsuite> <!-- modulo2.HistorialMovimiento -->
