<?xml version="1.0" encoding="UTF-8"?>
<!-- Generated by org.testng.reporters.JUnitReportReporter -->
<testsuite hostname="Jerson" name="Ecommerce.SolicitudDigitalEcommerceFirefox" tests="1" failures="0" timestamp="7 Jun 2022 15:01:30 GMT" time="50.875" errors="0">
  <testcase name="EjecutarDescargaMovimiento" time="50.875" classname="Ecommerce.SolicitudDigitalEcommerceFirefox"/>
</testsuite> <!-- Ecommerce.SolicitudDigitalEcommerceFirefox -->
