<?xml version="1.0" encoding="UTF-8"?>
<!-- Generated by org.testng.reporters.JUnitReportReporter -->
<testsuite hostname="Jerson" name="modulo2.EliminarMovimiento" tests="4" failures="0" timestamp="21 May 2021 18:33:25 GMT" time="70.411" errors="0">
  <testcase name="EjecutarEliminarMovimiento" time="17.567" classname="modulo2.EliminarMovimiento"/>
  <testcase name="EjecutarEliminarMovimiento" time="17.529" classname="modulo2.EliminarMovimiento"/>
  <testcase name="EjecutarEliminarMovimiento" time="17.568" classname="modulo2.EliminarMovimiento"/>
  <testcase name="EjecutarEliminarMovimiento" time="17.747" classname="modulo2.EliminarMovimiento"/>
</testsuite> <!-- modulo2.EliminarMovimiento -->
