<?xml version="1.0" encoding="UTF-8"?>
<!-- Generated by org.testng.reporters.JUnitReportReporter -->
<testsuite hostname="Jerson" name="modulo2.ModificarSolicitud" tests="2" failures="0" timestamp="4 Apr 2021 03:08:10 GMT" time="62.301" errors="0">
  <testcase name="EjecutarModificarSolicitud" time="31.292" classname="modulo2.ModificarSolicitud"/>
  <testcase name="EjecutarModificarSolicitud" time="31.009" classname="modulo2.ModificarSolicitud"/>
</testsuite> <!-- modulo2.ModificarSolicitud -->
