<?xml version="1.0" encoding="UTF-8"?>
<!-- Generated by org.testng.reporters.JUnitReportReporter -->
<testsuite hostname="Jerson" name="modulo1.altaUsuario" tests="2" failures="0" timestamp="22 Aug 2023 05:30:39 GMT" time="57.968" errors="0">
  <testcase name="EjecutarAprobarSolicitud" time="28.594" classname="modulo1.altaUsuario"/>
  <testcase name="EjecutarAprobarSolicitud" time="29.374" classname="modulo1.altaUsuario"/>
</testsuite> <!-- modulo1.altaUsuario -->
