<?xml version="1.0" encoding="UTF-8"?>
<!-- Generated by org.testng.reporters.JUnitReportReporter -->
<testsuite hostname="Jerson" name="modulo1.PruebaTestNg" tests="1" failures="0" timestamp="9 Mar 2021 23:38:07 GMT" time="15.647" errors="0">
  <testcase name="Ejecutar" time="15.647" classname="modulo1.PruebaTestNg"/>
</testsuite> <!-- modulo1.PruebaTestNg -->
